<?xml version="1.0" encoding="UTF-8"?>
<testsuite name="При смене языка Rus Eng, должно меняться верхнее меню" tests="2" skipped="0" failures="0" errors="0" timestamp="2024-12-24T09:36:40" hostname="DESKTOP-9S7F8F1" time="6.4">
  <properties/>
  <testcase name="[1] Eng, [Passengers&#10;Freight&#10;The Company&#10;Investor Relations&#10;Contacts&#10;Аccessibility version&#10;Log in&#10;Eng]" classname="rzd.MenuEnRusDisplayTest" time="4.292"/>
  <testcase name="[2] Rus, [Пассажирам&#10;Грузовые перевозки&#10;Компания&#10;Работа в РЖД&#10;Контакты&#10;Версия для слабовидящих&#10;Вход&#10;Rus]" classname="rzd.MenuEnRusDisplayTest" time="2.106"/>
  <system-out><![CDATA[]]></system-out>
  <system-err><![CDATA[[Test worker] INFO com.codeborne.selenide.WebDriverThreadLocalContainer - No webdriver is bound to current thread: 1 - let's create a new webdriver
[Test worker] INFO com.codeborne.selenide.impl.FileHelper - Creating folder: C:\Users\Alisa\IdeaProjects\HW8\build\downloads\1735032995063_4952_1
дек. 24, 2024 12:36:36 PM org.openqa.selenium.devtools.CdpVersionFinder findNearestMatch
WARNING: Unable to find an exact match for CDP version 131, returning the closest version; found: 129; Please update to a Selenium version that supports CDP version 131
[Test worker] INFO com.codeborne.selenide.webdriver.WebDriverFactory - BrowserName=chrome Version=131.0.6778.205 Platform=windows
[Test worker] INFO com.codeborne.selenide.webdriver.WebDriverFactory - Selenide v. 7.5.1
[Test worker] INFO com.codeborne.selenide.webdriver.WebDriverFactory - Selenium WebDriver v. 4.25.0 build revision: 8a8aea2337
[Test worker] INFO com.codeborne.selenide.drivercommands.CreateDriverCommand - Created webdriver in thread 1: ChromeDriver -> ChromeDriver: chrome on windows (5ba14582baab16976f55685e5aec2985), downloadsFolder: C:\Users\Alisa\IdeaProjects\HW8\build\downloads\1735032995063_4952_1
[Test worker] INFO com.codeborne.selenide.drivercommands.DisposablesRegistry - Register WebDriverInstance[config=com.codeborne.selenide.ThreadLocalSelenideConfig@4a8b5227, webDriver=ChromeDriver: chrome on windows (5ba14582baab16976f55685e5aec2985), proxy=null, downloadsFolder=C:\Users\Alisa\IdeaProjects\HW8\build\downloads\1735032995063_4952_1] in 1 [size=1]
[Test worker] INFO com.codeborne.selenide.drivercommands.DisposablesRegistry - Add shutdown hook in 1 [size=1]
[Test worker] INFO com.codeborne.selenide.impl.FileHelper - Deleted empty folder: C:\Users\Alisa\IdeaProjects\HW8\build\downloads\1735032995063_4952_1
[Test worker] INFO com.codeborne.selenide.drivercommands.CloseDriverCommand - Close webdriver: 1 -> ChromeDriver: chrome on windows (5ba14582baab16976f55685e5aec2985)...
[Test worker] INFO com.codeborne.selenide.drivercommands.CloseDriverCommand - Closed webdriver 1 in 178 ms
[Test worker] INFO com.codeborne.selenide.drivercommands.DisposablesRegistry - Unregister WebDriverInstance[config=com.codeborne.selenide.ThreadLocalSelenideConfig@4a8b5227, webDriver=ChromeDriver: chrome on windows (null), proxy=null, downloadsFolder=C:\Users\Alisa\IdeaProjects\HW8\build\downloads\1735032995063_4952_1] in 1 [size=0]
]]></system-err>
</testsuite>
